Build started 2/25/2015 2:32:48 PM.
     1>Project "C:\Users\L532\Desktop\sp2222222222222\Application3\Application3.vcxproj" on node 2 (build target(s)).
     1>InitializeBuildStatus:
         Creating "Debug\Application3.unsuccessfulbuild" because "AlwaysCreate" was specified.
       ClCompile:
         c:\Program Files (x86)\Microsoft Visual Studio 10.0\VC\bin\CL.exe /c /IC:\Users\L532\Desktop\sp2222222222222\\Common\Source /IC:\Users\L532\Desktop\sp2222222222222\\glfw\include /IC:\Users\L532\Desktop\sp2222222222222\\irrKlang\include /IC:\Users\L532\Desktop\sp2222222222222\\glew\include /ZI /nologo /W3 /WX- /Od /Oy- /D WIN32 /D _DEBUG /D _CONSOLE /D _LIB /D _UNICODE /D UNICODE /Gm /EHsc /RTC1 /MDd /GS /fp:precise /Zc:wchar_t /Zc:forScope /Fo"Debug\\" /Fd"Debug\vc100.pdb" /Gd /TP /analyze- /errorReport:prompt Source\main.cpp
         main.cpp
       ManifestResourceCompile:
         C:\Program Files (x86)\Microsoft SDKs\Windows\v7.0A\bin\rc.exe /nologo /fo"Debug\Application3.exe.embed.manifest.res" Debug\Application3_manifest.rc 
       Link:
         c:\Program Files (x86)\Microsoft Visual Studio 10.0\VC\bin\link.exe /ERRORREPORT:PROMPT /OUT:"C:\Users\L532\Desktop\sp2222222222222\Debug\Application3.exe" /INCREMENTAL /NOLOGO /LIBPATH:C:\Users\L532\Desktop\sp2222222222222\\irrKlang\lib /LIBPATH:C:\Users\L532\Desktop\sp2222222222222\Debug /LIBPATH:"C:\Users\L532\Desktop\sp2222222222222\\glfw\lib-msvc100" /LIBPATH:C:\Users\L532\Desktop\sp2222222222222\\glew\lib glew32.lib glfw3.lib opengl32.lib winmm.lib Common.lib kernel32.lib user32.lib gdi32.lib winspool.lib comdlg32.lib advapi32.lib shell32.lib ole32.lib oleaut32.lib uuid.lib odbc32.lib odbccp32.lib /MANIFEST /ManifestFile:"Debug\Application3.exe.intermediate.manifest" /MANIFESTUAC:"level='asInvoker' uiAccess='false'" /DEBUG /PDB:"C:\Users\L532\Desktop\sp2222222222222\Debug\Application3.pdb" /SUBSYSTEM:CONSOLE /TLBID:1 /DYNAMICBASE /NXCOMPAT /IMPLIB:"C:\Users\L532\Desktop\sp2222222222222\Debug\Application3.lib" /MACHINE:X86 Debug\Application3.exe.embed.manifest.res
         Debug\Application.obj
         Debug\Camera.obj
         Debug\Camera2.obj
         Debug\collisionSphere.obj
         Debug\collisionVolume.obj
         Debug\LoadOBJ.obj
         Debug\LoadTGA.obj
         Debug\main.obj
         Debug\Mesh.obj
         Debug\MeshBuilder.obj
         Debug\Scene.obj
         Debug\SceneText.obj
         Debug\shader.obj
         Debug\Utility.obj
         LINK : C:\Users\L532\Desktop\sp2222222222222\Debug\Application3.exe not found or not built by the last incremental link; performing full link
     1>LINK : warning LNK4098: defaultlib 'MSVCRT' conflicts with use of other libs; use /NODEFAULTLIB:library
       Manifest:
         C:\Program Files (x86)\Microsoft SDKs\Windows\v7.0A\bin\mt.exe /nologo /verbose /out:"Debug\Application3.exe.embed.manifest" /manifest Debug\Application3.exe.intermediate.manifest
         C:\Program Files (x86)\Microsoft SDKs\Windows\v7.0A\bin\rc.exe /nologo /fo"Debug\Application3.exe.embed.manifest.res" Debug\Application3_manifest.rc 
       LinkEmbedManifest:
         c:\Program Files (x86)\Microsoft Visual Studio 10.0\VC\bin\link.exe /ERRORREPORT:PROMPT /OUT:"C:\Users\L532\Desktop\sp2222222222222\Debug\Application3.exe" /INCREMENTAL /NOLOGO /LIBPATH:C:\Users\L532\Desktop\sp2222222222222\\irrKlang\lib /LIBPATH:C:\Users\L532\Desktop\sp2222222222222\Debug /LIBPATH:"C:\Users\L532\Desktop\sp2222222222222\\glfw\lib-msvc100" /LIBPATH:C:\Users\L532\Desktop\sp2222222222222\\glew\lib glew32.lib glfw3.lib opengl32.lib winmm.lib Common.lib kernel32.lib user32.lib gdi32.lib winspool.lib comdlg32.lib advapi32.lib shell32.lib ole32.lib oleaut32.lib uuid.lib odbc32.lib odbccp32.lib /MANIFEST /ManifestFile:"Debug\Application3.exe.intermediate.manifest" /MANIFESTUAC:"level='asInvoker' uiAccess='false'" /DEBUG /PDB:"C:\Users\L532\Desktop\sp2222222222222\Debug\Application3.pdb" /SUBSYSTEM:CONSOLE /TLBID:1 /DYNAMICBASE /NXCOMPAT /IMPLIB:"C:\Users\L532\Desktop\sp2222222222222\Debug\Application3.lib" /MACHINE:X86 Debug\Application3.exe.embed.manifest.res
         Debug\Application.obj
         Debug\Camera.obj
         Debug\Camera2.obj
         Debug\collisionSphere.obj
         Debug\collisionVolume.obj
         Debug\LoadOBJ.obj
         Debug\LoadTGA.obj
         Debug\main.obj
         Debug\Mesh.obj
         Debug\MeshBuilder.obj
         Debug\Scene.obj
         Debug\SceneText.obj
         Debug\shader.obj
         Debug\Utility.obj
     1>LINK : warning LNK4098: defaultlib 'MSVCRT' conflicts with use of other libs; use /NODEFAULTLIB:library
         Application3.vcxproj -> C:\Users\L532\Desktop\sp2222222222222\Debug\Application3.exe
       FinalizeBuildStatus:
         Deleting file "Debug\Application3.unsuccessfulbuild".
         Touching "Debug\Application3.lastbuildstate".
     1>Done Building Project "C:\Users\L532\Desktop\sp2222222222222\Application3\Application3.vcxproj" (build target(s)).

Build succeeded.

Time Elapsed 00:00:01.66
